    1    drift    0.00000E+00    0.11252E+01    0.20000E+05    0.20000E+05
    2    rfgap    0.00000E+00    0.00000E+00    0.20000E+05    0.20354E+05
    3    drift    0.00000E+00    0.29753E+01    0.20354E+05    0.20354E+05
    4    drift    0.00000E+00    0.29753E+01    0.20354E+05    0.20354E+05
    5    drift    0.00000E+00    0.29753E+01    0.20354E+05    0.20354E+05
    6    drift    0.00000E+00    0.29753E+01    0.20354E+05    0.20354E+05
    7    drift    0.00000E+00    0.29753E+01    0.20354E+05    0.20354E+05
    8    rfgap    0.00000E+00    0.00000E+00    0.20354E+05    0.20707E+05
    9    drift    0.00000E+00    0.29506E+01    0.20707E+05    0.20707E+05
   10    drift    0.00000E+00    0.29506E+01    0.20707E+05    0.20707E+05
   11    drift    0.00000E+00    0.29506E+01    0.20707E+05    0.20707E+05
   12    drift    0.00000E+00    0.29506E+01    0.20707E+05    0.20707E+05
   13    drift    0.00000E+00    0.29506E+01    0.20707E+05    0.20707E+05
   14    drift    0.00000E+00    0.44259E+01    0.20707E+05    0.20707E+05
   15    rfgap    0.00000E+00    0.00000E+00    0.20707E+05    0.21061E+05
   16    drift    0.00000E+00    0.29265E+01    0.21061E+05    0.21061E+05
   17    drift    0.00000E+00    0.29265E+01    0.21061E+05    0.21061E+05
   18    drift    0.00000E+00    0.29265E+01    0.21061E+05    0.21061E+05
   19    drift    0.00000E+00    0.29265E+01    0.21061E+05    0.21061E+05
   20    drift    0.00000E+00    0.29265E+01    0.21061E+05    0.21061E+05
   21    rfgap    0.00000E+00    0.00000E+00    0.21061E+05    0.21414E+05
   22    drift    0.00000E+00    0.29031E+01    0.21414E+05    0.21414E+05
   23    drift    0.00000E+00    0.29031E+01    0.21414E+05    0.21414E+05
   24    drift    0.00000E+00    0.29031E+01    0.21414E+05    0.21414E+05
   25    drift    0.00000E+00    0.29031E+01    0.21414E+05    0.21414E+05
   26    drift    0.00000E+00    0.29031E+01    0.21414E+05    0.21414E+05
   27    drift    0.00000E+00    0.43546E+01    0.21414E+05    0.21414E+05
   28    rfgap    0.00000E+00    0.00000E+00    0.21414E+05    0.21768E+05
   29    drift    0.00000E+00    0.28802E+01    0.21768E+05    0.21768E+05
   30    drift    0.00000E+00    0.28802E+01    0.21768E+05    0.21768E+05
   31    drift    0.00000E+00    0.28802E+01    0.21768E+05    0.21768E+05
   32    drift    0.00000E+00    0.28802E+01    0.21768E+05    0.21768E+05
   33    drift    0.00000E+00    0.28802E+01    0.21768E+05    0.21768E+05
   34    rfgap    0.00000E+00    0.00000E+00    0.21768E+05    0.22121E+05
   35    drift    0.00000E+00    0.28579E+01    0.22121E+05    0.22121E+05
   36    drift    0.00000E+00    0.28579E+01    0.22121E+05    0.22121E+05
   37    drift    0.00000E+00    0.28579E+01    0.22121E+05    0.22121E+05
   38    drift    0.00000E+00    0.28579E+01    0.22121E+05    0.22121E+05
   39    drift    0.00000E+00    0.28579E+01    0.22121E+05    0.22121E+05
   40    drift    0.00000E+00    0.42868E+01    0.22121E+05    0.22121E+05
   41    rfgap    0.00000E+00    0.00000E+00    0.22121E+05    0.22475E+05
   42    drift    0.00000E+00    0.28361E+01    0.22475E+05    0.22475E+05
   43    drift    0.00000E+00    0.28361E+01    0.22475E+05    0.22475E+05
   44    drift    0.00000E+00    0.28361E+01    0.22475E+05    0.22475E+05
   45    drift    0.00000E+00    0.28361E+01    0.22475E+05    0.22475E+05
   46    drift    0.00000E+00    0.28361E+01    0.22475E+05    0.22475E+05
   47    rfgap    0.00000E+00    0.00000E+00    0.22475E+05    0.22828E+05
   48    drift    0.00000E+00    0.28148E+01    0.22828E+05    0.22828E+05
   49    drift    0.00000E+00    0.28148E+01    0.22828E+05    0.22828E+05
   50    drift    0.00000E+00    0.28148E+01    0.22828E+05    0.22828E+05
   51    drift    0.00000E+00    0.28148E+01    0.22828E+05    0.22828E+05
   52    drift    0.00000E+00    0.28148E+01    0.22828E+05    0.22828E+05
